#
# There is insufficient memory for the Java Runtime Environment to continue.
# Native memory allocation (malloc) failed to allocate 176816 bytes for Chunk::new
# Possible reasons:
#   The system is out of physical RAM or swap space
#   In 32 bit mode, the process size limit was hit
# Possible solutions:
#   Reduce memory load on the system
#   Increase physical memory or swap space
#   Check if swap backing store is full
#   Use 64 bit Java on a 64 bit OS
#   Decrease Java heap size (-Xmx/-Xms)
#   Decrease number of Java threads
#   Decrease Java thread stack sizes (-Xss)
#   Set larger code cache with -XX:ReservedCodeCacheSize=
# This output file may be truncated or incomplete.
#
#  Out of Memory Error (allocation.cpp:390), pid=18300, tid=18928
#
# JRE version: Java(TM) SE Runtime Environment (8.0_45-b15) (build 1.8.0_45-b15)
# Java VM: Java HotSpot(TM) 64-Bit Server VM (25.45-b02 mixed mode windows-amd64 compressed oops)
# Failed to write core dump. Minidumps are not enabled by default on client versions of Windows
#

---------------  T H R E A D  ---------------

Current thread (0x000000001748c800):  JavaThread "C2 CompilerThread0" daemon [_thread_in_native, id=18928, stack(0x00000000189e0000,0x0000000018ae0000)]

Stack: [0x00000000189e0000,0x0000000018ae0000]
Native frames: (J=compiled Java code, j=interpreted, Vv=VM code, C=native code)
V  [jvm.dll+0x32b57a]
V  [jvm.dll+0x279873]
V  [jvm.dll+0x27a509]
V  [jvm.dll+0x271825]
V  [jvm.dll+0xcb9e2]
V  [jvm.dll+0xcbeac]
V  [jvm.dll+0x476ef2]
V  [jvm.dll+0x4b955f]
V  [jvm.dll+0x46bf81]
V  [jvm.dll+0x46ccbe]
V  [jvm.dll+0x4500f2]
V  [jvm.dll+0xa4352]
V  [jvm.dll+0xa4c8f]
V  [jvm.dll+0x241984]
V  [jvm.dll+0x29853a]
C  [msvcr100.dll+0x21d9f]
C  [msvcr100.dll+0x21e3b]
C  [KERNEL32.DLL+0x17344]
C  [ntdll.dll+0x526b1]


Current CompileTask:
C2:    696  581       4       jdk.internal.org.objectweb.asm.Item::set (143 bytes)


---------------  P R O C E S S  ---------------

Java Threads: ( => current thread )
  0x0000000002bbe000 JavaThread "DestroyJavaVM" [_thread_blocked, id=7156, stack(0x0000000002bc0000,0x0000000002cc0000)]
  0x000000001953a000 JavaThread "AWT-EventQueue-0" [_thread_in_native, id=9968, stack(0x000000001a100000,0x000000001a200000)]
  0x000000001946c800 JavaThread "AWT-Windows" daemon [_thread_in_native, id=18912, stack(0x0000000019e20000,0x0000000019f20000)]
  0x0000000019469000 JavaThread "AWT-Shutdown" [_thread_blocked, id=16380, stack(0x0000000019d20000,0x0000000019e20000)]
  0x0000000019466800 JavaThread "Java2D Disposer" daemon [_thread_blocked, id=17244, stack(0x0000000019c20000,0x0000000019d20000)]
  0x0000000018d09800 JavaThread "Service Thread" daemon [_thread_blocked, id=17496, stack(0x00000000190e0000,0x00000000191e0000)]
  0x00000000174b7800 JavaThread "C1 CompilerThread2" daemon [_thread_blocked, id=15512, stack(0x0000000018be0000,0x0000000018ce0000)]
  0x0000000017494000 JavaThread "C2 CompilerThread1" daemon [_thread_blocked, id=17576, stack(0x0000000018ae0000,0x0000000018be0000)]
=>0x000000001748c800 JavaThread "C2 CompilerThread0" daemon [_thread_in_native, id=18928, stack(0x00000000189e0000,0x0000000018ae0000)]
  0x000000001748b000 JavaThread "Attach Listener" daemon [_thread_blocked, id=17956, stack(0x00000000188e0000,0x00000000189e0000)]
  0x0000000017489800 JavaThread "Signal Dispatcher" daemon [_thread_blocked, id=18556, stack(0x00000000187e0000,0x00000000188e0000)]
  0x0000000002db6800 JavaThread "Finalizer" daemon [_thread_blocked, id=18268, stack(0x00000000186e0000,0x00000000187e0000)]
  0x0000000002dad800 JavaThread "Reference Handler" daemon [_thread_blocked, id=17944, stack(0x00000000185e0000,0x00000000186e0000)]

Other Threads:
  0x0000000017458000 VMThread [stack: 0x00000000184e0000,0x00000000185e0000] [id=17256]
  0x0000000018d1a000 WatcherThread [stack: 0x00000000191e0000,0x00000000192e0000] [id=19364]

VM state:not at safepoint (normal execution)

VM Mutex/Monitor currently owned by a thread: None

Heap:
 PSYoungGen      total 35840K, used 11079K [0x00000000d8600000, 0x00000000dae00000, 0x0000000100000000)
  eden space 30720K, 36% used [0x00000000d8600000,0x00000000d90d1dc0,0x00000000da400000)
  from space 5120K, 0% used [0x00000000da900000,0x00000000da900000,0x00000000dae00000)
  to   space 5120K, 0% used [0x00000000da400000,0x00000000da400000,0x00000000da900000)
 ParOldGen       total 81920K, used 0K [0x0000000089200000, 0x000000008e200000, 0x00000000d8600000)
  object space 81920K, 0% used [0x0000000089200000,0x0000000089200000,0x000000008e200000)
 Metaspace       used 10490K, capacity 10778K, committed 10880K, reserved 1058816K
  class space    used 1298K, capacity 1400K, committed 1408K, reserved 1048576K

Card table byte_map: [0x0000000012180000,0x0000000012540000] byte_map_base: 0x0000000011d37000

Marking Bits: (ParMarkBitMap*) 0x00000000515c4040
 Begin Bits: [0x0000000012bc0000, 0x0000000014978000)
 End Bits:   [0x0000000014978000, 0x0000000016730000)

Polling page: 0x0000000000f20000

CodeCache: size=245760Kb used=2427Kb max_used=2427Kb free=243332Kb
 bounds [0x0000000002dc0000, 0x0000000003030000, 0x0000000011dc0000]
 total_blobs=1028 nmethods=594 adapters=347
 compilation: enabled

Compilation events (10 events):
Event: 0.623 Thread 0x00000000174b7800  582       3       java.util.StringTokenizer::skipDelimiters (116 bytes)
Event: 0.624 Thread 0x00000000174b7800 nmethod 582 0x0000000003018d50 code [0x0000000003018f60, 0x0000000003019af8]
Event: 0.624 Thread 0x00000000174b7800  584       3       java.lang.invoke.MethodHandles$Lookup::lookupClassOrNull (17 bytes)
Event: 0.624 Thread 0x00000000174b7800 nmethod 584 0x00000000030189d0 code [0x0000000003018b20, 0x0000000003018cd0]
Event: 0.624 Thread 0x00000000174b7800  583       1       java.lang.reflect.Constructor::getDeclaringClass (5 bytes)
Event: 0.624 Thread 0x00000000174b7800 nmethod 583 0x0000000003018350 code [0x00000000030184a0, 0x00000000030185b0]
Event: 0.624 Thread 0x00000000174b7800  586       3       jdk.internal.org.objectweb.asm.MethodVisitor::<init> (35 bytes)
Event: 0.625 Thread 0x00000000174b7800 nmethod 586 0x0000000003017dd0 code [0x0000000003017f40, 0x0000000003018248]
Event: 0.626 Thread 0x00000000174b7800  587       3       java.lang.Float::isNaN (12 bytes)
Event: 0.626 Thread 0x00000000174b7800 nmethod 587 0x0000000003017610 code [0x0000000003017760, 0x0000000003017910]

GC Heap History (0 events):
No events

Deoptimization events (2 events):
Event: 0.273 Thread 0x0000000002bbe000 Uncommon trap: reason=null_check action=make_not_entrant pc=0x0000000002f4425c method=java.lang.String.equals(Ljava/lang/Object;)Z @ 8
Event: 0.445 Thread 0x0000000002bbe000 Uncommon trap: reason=class_check action=maybe_recompile pc=0x0000000002f5255c method=java.lang.String.equals(Ljava/lang/Object;)Z @ 8

Internal exceptions (10 events):
Event: 0.147 Thread 0x0000000002bbe000 Exception <a 'java/security/PrivilegedActionException'> (0x00000000d886bc20) thrown at [C:\re\workspace\8-2-build-windows-amd64-cygwin\jdk8u45\3627\hotspot\src\share\vm\prims\jvm.cpp, line 1382]
Event: 0.148 Thread 0x0000000002bbe000 Exception <a 'java/security/PrivilegedActionException'> (0x00000000d886f9b8) thrown at [C:\re\workspace\8-2-build-windows-amd64-cygwin\jdk8u45\3627\hotspot\src\share\vm\prims\jvm.cpp, line 1382]
Event: 0.148 Thread 0x0000000002bbe000 Exception <a 'java/security/PrivilegedActionException'> (0x00000000d886fb70) thrown at [C:\re\workspace\8-2-build-windows-amd64-cygwin\jdk8u45\3627\hotspot\src\share\vm\prims\jvm.cpp, line 1382]
Event: 0.152 Thread 0x0000000002bbe000 Exception <a 'java/io/FileNotFoundException'> (0x00000000d8871e20) thrown at [C:\re\workspace\8-2-build-windows-amd64-cygwin\jdk8u45\3627\hotspot\src\share\vm\prims\jni.cpp, line 709]
Event: 0.222 Thread 0x0000000002bbe000 Exception <a 'java/lang/NoSuchFieldError': method resolution failed> (0x00000000d8998f88) thrown at [C:\re\workspace\8-2-build-windows-amd64-cygwin\jdk8u45\3627\hotspot\src\share\vm\prims\methodHandles.cpp, line 1125]
Event: 0.224 Thread 0x0000000002bbe000 Exception <a 'java/lang/NoSuchFieldError': method resolution failed> (0x00000000d89a79f0) thrown at [C:\re\workspace\8-2-build-windows-amd64-cygwin\jdk8u45\3627\hotspot\src\share\vm\prims\methodHandles.cpp, line 1125]
Event: 0.273 Thread 0x0000000002bbe000 Implicit null exception at 0x0000000002f4409b to 0x0000000002f4424d
Event: 0.278 Thread 0x0000000002bbe000 Exception <a 'java/io/FileNotFoundException'> (0x00000000d8ad9038) thrown at [C:\re\workspace\8-2-build-windows-amd64-cygwin\jdk8u45\3627\hotspot\src\share\vm\prims\jni.cpp, line 709]
Event: 0.409 Thread 0x0000000002bbe000 Exception <a 'java/io/FileNotFoundException'> (0x00000000d8ce94c0) thrown at [C:\re\workspace\8-2-build-windows-amd64-cygwin\jdk8u45\3627\hotspot\src\share\vm\prims\jni.cpp, line 709]
Event: 0.409 Thread 0x0000000002bbe000 Exception <a 'java/lang/NullPointerException'> (0x00000000d8ce9a58) thrown at [C:\re\workspace\8-2-build-windows-amd64-cygwin\jdk8u45\3627\hotspot\src\share\vm\interpreter\linkResolver.cpp, line 1178]

Events (10 events):
Event: 0.624 loading class com/formdev/flatlaf/ui/FlatScrollPaneUI done
Event: 0.626 loading class javax/swing/table/DefaultTableColumnModel
Event: 0.626 loading class javax/swing/table/TableColumnModel
Event: 0.627 loading class javax/swing/table/TableColumnModel done
Event: 0.627 loading class javax/swing/table/DefaultTableColumnModel done
Event: 0.627 loading class javax/swing/DefaultListSelectionModel
Event: 0.627 loading class javax/swing/ListSelectionModel
Event: 0.627 loading class javax/swing/ListSelectionModel done
Event: 0.627 loading class javax/swing/DefaultListSelectionModel done
Event: 0.627 loading class javax/swing/table/DefaultTableModel


Dynamic libraries:
0x00007ff630700000 - 0x00007ff630737000 	C:\Program Files\Java\jdk1.8.0_45\bin\java.exe
0x00007fffe3290000 - 0x00007fffe3487000 	C:\WINDOWS\SYSTEM32\ntdll.dll
0x00007fffe21e0000 - 0x00007fffe229d000 	C:\WINDOWS\System32\KERNEL32.DLL
0x00007fffe0e10000 - 0x00007fffe1106000 	C:\WINDOWS\System32\KERNELBASE.dll
0x00007fffe1a80000 - 0x00007fffe1b2e000 	C:\WINDOWS\System32\ADVAPI32.dll
0x00007fffe17c0000 - 0x00007fffe185e000 	C:\WINDOWS\System32\msvcrt.dll
0x00007fffe2f80000 - 0x00007fffe301c000 	C:\WINDOWS\System32\sechost.dll
0x00007fffe2a60000 - 0x00007fffe2b86000 	C:\WINDOWS\System32\RPCRT4.dll
0x00007fffe18c0000 - 0x00007fffe1a5e000 	C:\WINDOWS\System32\USER32.dll
0x00007fffe0d30000 - 0x00007fffe0d52000 	C:\WINDOWS\System32\win32u.dll
0x00007fffe3150000 - 0x00007fffe317c000 	C:\WINDOWS\System32\GDI32.dll
0x00007fffe0ad0000 - 0x00007fffe0bea000 	C:\WINDOWS\System32\gdi32full.dll
0x00007fffe0bf0000 - 0x00007fffe0c8d000 	C:\WINDOWS\System32\msvcp_win.dll
0x00007fffe11f0000 - 0x00007fffe12f0000 	C:\WINDOWS\System32\ucrtbase.dll
0x00007fffdfd50000 - 0x00007fffdffea000 	C:\WINDOWS\WinSxS\amd64_microsoft.windows.common-controls_6595b64144ccf1df_6.0.19041.3570_none_60bb2a3971f3e41a\COMCTL32.dll
0x00007fffe12f0000 - 0x00007fffe1320000 	C:\WINDOWS\System32\IMM32.DLL
0x0000000050ce0000 - 0x0000000050db2000 	C:\Program Files\Java\jdk1.8.0_45\jre\bin\msvcr100.dll
0x0000000050dc0000 - 0x0000000051643000 	C:\Program Files\Java\jdk1.8.0_45\jre\bin\server\jvm.dll
0x00007fffe21d0000 - 0x00007fffe21d8000 	C:\WINDOWS\System32\PSAPI.DLL
0x00007fffd04b0000 - 0x00007fffd04ba000 	C:\WINDOWS\SYSTEM32\VERSION.dll
0x00007fffc14e0000 - 0x00007fffc1507000 	C:\WINDOWS\SYSTEM32\WINMM.dll
0x00007fffca300000 - 0x00007fffca309000 	C:\WINDOWS\SYSTEM32\WSOCK32.dll
0x00007fffe1b30000 - 0x00007fffe1b9b000 	C:\WINDOWS\System32\WS2_32.dll
0x0000000050c90000 - 0x0000000050c9f000 	C:\Program Files\Java\jdk1.8.0_45\jre\bin\verify.dll
0x0000000050c60000 - 0x0000000050c89000 	C:\Program Files\Java\jdk1.8.0_45\jre\bin\java.dll
0x0000000050c40000 - 0x0000000050c56000 	C:\Program Files\Java\jdk1.8.0_45\jre\bin\zip.dll
0x00007fffe2300000 - 0x00007fffe2a44000 	C:\WINDOWS\System32\SHELL32.dll
0x00007fffde3a0000 - 0x00007fffdeb3b000 	C:\WINDOWS\SYSTEM32\windows.storage.dll
0x00007fffe13d0000 - 0x00007fffe1724000 	C:\WINDOWS\System32\combase.dll
0x00007fffdfcb0000 - 0x00007fffdfcdd000 	C:\WINDOWS\SYSTEM32\Wldp.dll
0x00007fffe2b90000 - 0x00007fffe2c3d000 	C:\WINDOWS\System32\SHCORE.dll
0x00007fffe2f20000 - 0x00007fffe2f75000 	C:\WINDOWS\System32\shlwapi.dll
0x00007fffe08a0000 - 0x00007fffe08c5000 	C:\WINDOWS\SYSTEM32\profapi.dll
0x0000000050a60000 - 0x0000000050bf8000 	C:\Program Files\Java\jdk1.8.0_45\jre\bin\awt.dll
0x00007fffe3180000 - 0x00007fffe324d000 	C:\WINDOWS\System32\OLEAUT32.dll
0x00007fffddbc0000 - 0x00007fffddc50000 	C:\WINDOWS\SYSTEM32\apphelp.dll
0x00007fffddd10000 - 0x00007fffdddae000 	C:\WINDOWS\system32\uxtheme.dll
0x00007fffe2e00000 - 0x00007fffe2f14000 	C:\WINDOWS\System32\MSCTF.dll
0x00007fffe3020000 - 0x00007fffe314b000 	C:\WINDOWS\System32\ole32.dll
0x00007fffde1a0000 - 0x00007fffde1b2000 	C:\WINDOWS\SYSTEM32\kernel.appcore.dll
0x00007fffe1110000 - 0x00007fffe1192000 	C:\WINDOWS\System32\bcryptPrimitives.dll
0x00007fffde090000 - 0x00007fffde0bf000 	C:\WINDOWS\system32\DWMAPI.DLL
0x0000000050a10000 - 0x0000000050a57000 	C:\Program Files\Java\jdk1.8.0_45\jre\bin\fontmanager.dll
0x0000000050c20000 - 0x0000000050c3a000 	C:\Program Files\Java\jdk1.8.0_45\jre\bin\net.dll
0x00007fffdfb80000 - 0x00007fffdfbea000 	C:\WINDOWS\system32\mswsock.dll
0x0000000050c00000 - 0x0000000050c11000 	C:\Program Files\Java\jdk1.8.0_45\jre\bin\nio.dll
0x00007fffe0380000 - 0x00007fffe0564000 	C:\WINDOWS\SYSTEM32\dbghelp.dll

VM Arguments:
jvm_args: -Dfile.encoding=UTF-8 
java_command: webissuesFrame.LoginFrame
java_class_path (initial): C:\Users\sajid.ali\Downloads\mysql-connector-j-8.0.32.jar;C:\Users\sajid.ali\Downloads\swingx-0.9.5-2.jar;C:\Users\sajid.ali\Downloads\jBCrypt-0.4.1.jar;C:\Users\sajid.ali\Downloads\jdatepicker-1.3.4.jar;C:\Users\sajid.ali\Downloads\lib\jcalendar-1.4.jar;C:\Users\sajid.ali\Downloads\bcrypt-0.10.2-javadoc.jar;C:\Users\sajid.ali\Downloads\jsoup-1.8.3.jar;C:\Program Files\NetBeans 8.0.2\java\modules\ext\AbsoluteLayout.jar;C:\Users\sajid.ali\Downloads\org.json-chargebee-1.0.jar;C:\Users\sajid.ali\Downloads\flatlaf-3.2.jar;C:\Users\sajid.ali\Downloads\apache-commons.jar;C:\Users\sajid.ali\Downloads\apache-httpcomponents-httpcore.jar;C:\Users\sajid.ali\Downloads\httpclient-4.0.3.jar;C:\Users\sajid.ali\Downloads\slf4j.jar;C:\Users\sajid.ali\Downloads\logback.jar;C:\Users\sajid.ali\Downloads\jai_codec-1.1.3.jar;C:\Users\sajid.ali\Documents\NetBeansProjects\WebIssuesLocal\build\classes
Launcher Type: SUN_STANDARD

Environment Variables:
PATH=C:\Program Files (x86)\Common Files\Oracle\Java\javapath;C:\ProgramData\Oracle\Java\javapath;C:\WINDOWS\system32;C:\WINDOWS;C:\WINDOWS\System32\Wbem;C:\WINDOWS\System32\WindowsPowerShell\v1.0\;C:\WINDOWS\System32\OpenSSH\;C:\xampp\php;C:\Program Files\Git\cmd;C:\ProgramData\ComposerSetup\bin;C:\Program Files\nodejs\;C:\Program Files\PuTTY\;C:\Program Files\Java\jdk1.8.0_45\bin;C:\Users\sajid.ali\AppData\Local\Microsoft\WindowsApps;"C:\Users\sajid.ali\AppData\Local\Programs\Microsoft VS Code\bin;C:\xampp\mysql\bin";C:\Users\sajid.ali\AppData\Roaming\Composer\vendor\bin;C:\Users\sajid.ali\AppData\Local\Programs\Microsoft VS Code\bin;C:\Users\sajid.ali\AppData\Roaming\npm;C:\xampp7\php;
USERNAME=sajid.ali
OS=Windows_NT
PROCESSOR_IDENTIFIER=Intel64 Family 6 Model 78 Stepping 3, GenuineIntel



---------------  S Y S T E M  ---------------

OS: Windows 10.0 , 64 bit Build 19041 (10.0.19041.3570)

CPU:total 4 (2 cores per cpu, 2 threads per core) family 6 model 78 stepping 3, cmov, cx8, fxsr, mmx, sse, sse2, sse3, ssse3, sse4.1, sse4.2, popcnt, avx, avx2, aes, clmul, erms, rtm, 3dnowpref, lzcnt, ht, tsc, tscinvbit, bmi1, bmi2, adx

Memory: 4k page, physical 7785812k(366260k free), swap 18197200k(900k free)

vm_info: Java HotSpot(TM) 64-Bit Server VM (25.45-b02) for windows-amd64 JRE (1.8.0_45-b15), built on Apr 30 2015 12:40:44 by "java_re" with MS VC++ 10.0 (VS2010)

time: Wed Oct 18 15:03:00 2023
elapsed time: 0 seconds (0d 0h 0m 0s)

